[2026-03-09 20:42:37] [INFO] app - Запуск инициализации приложения...
[2026-03-09 20:42:37] [INFO] app - Выполнение миграций и сидов...
[2026-03-09 20:42:38] [INFO] database - Batch 1 run the following migrations:
[2026-03-09 20:42:38] [INFO] database - - 20250227184908_spreadsheets.js
[2026-03-09 20:42:38] [INFO] database - - 20260308120000_tariffs.js
[2026-03-09 20:42:38] [INFO] database - Successfully run 1 seed files:
[2026-03-09 20:42:38] [INFO] database - - spreadsheets.js
[2026-03-09 20:42:38] [INFO] app - База данных готова к работе
[2026-03-09 20:42:38] [INFO] app - Запуск первичного сбора данных...
[2026-03-09 20:42:38] [INFO] tariff-service - Запрос тарифов из Wildberries API...
[2026-03-09 20:42:38] [INFO] wb-service - Отправка запроса к WB API за дату: 2026-03-09
[2026-03-09 20:42:38] [INFO] wb-service - Данные получены успешно: 81 складов (время: 192ms)
[2026-03-09 20:42:38] [INFO] tariff-service - Успешно сохранено/обновлено 81 тарифов в БД за 2026-03-09
[2026-03-09 20:42:38] [INFO] google-sheets - Запуск обновления 1 таблиц...
[2026-03-09 20:42:41] [INFO] google-sheets - [1gioZyKGYIRjq_bKB63Og0BPsSp6It_IgOs6E7fz7irM] Успешно обновлена
[2026-03-09 20:42:41] [INFO] google-sheets - Все таблицы обработаны.
[2026-03-09 20:42:41] [INFO] app - Первичные данные успешно загружены в БД и Google Sheets
[2026-03-09 20:42:41] [INFO] app - Планировщик запущен. Сервис работает в штатном режиме.
[2026-03-09 20:54:06] [INFO] app - Запуск инициализации приложения...
[2026-03-09 20:54:06] [INFO] app - Выполнение миграций и сидов...
[2026-03-09 20:54:07] [INFO] database - Batch 1 run the following migrations:
[2026-03-09 20:54:07] [INFO] database - - 20250227184908_spreadsheets.js
[2026-03-09 20:54:07] [INFO] database - - 20260308120000_tariffs.js
[2026-03-09 20:54:07] [INFO] database - Successfully run 1 seed files:
[2026-03-09 20:54:07] [INFO] database - - spreadsheets.js
[2026-03-09 20:54:07] [INFO] app - База данных готова к работе
[2026-03-09 20:54:07] [INFO] app - Запуск первичного сбора данных...
[2026-03-09 20:54:07] [INFO] tariff-service - Запрос тарифов из Wildberries API...
[2026-03-09 20:54:07] [INFO] wb-service - Отправка запроса к WB API за дату: 2026-03-09
[2026-03-09 20:54:07] [INFO] wb-service - Данные получены успешно: 81 складов (время: 172ms)
[2026-03-09 20:54:07] [INFO] tariff-service - Успешно сохранено/обновлено 81 тарифов в БД за 2026-03-09
[2026-03-09 20:54:07] [INFO] google-sheets - Запуск обновления 1 таблиц...
[2026-03-09 20:54:09] [INFO] google-sheets - [1gioZyKGYIRjq_bKB63Og0BPsSp6It_IgOs6E7fz7irM] Успешно обновлена
[2026-03-09 20:54:09] [INFO] google-sheets - Все таблицы обработаны.
[2026-03-09 20:54:09] [INFO] app - Первичные данные успешно загружены в БД и Google Sheets
[2026-03-09 20:54:09] [INFO] app - Планировщик запущен. Сервис работает в штатном режиме.
[2026-03-09 21:00:00] [INFO] scheduler - Starting hourly update...
[2026-03-09 21:00:00] [INFO] tariff-service - Запрос тарифов из Wildberries API...
[2026-03-09 21:00:00] [INFO] wb-service - Отправка запроса к WB API за дату: 2026-03-09
[2026-03-09 21:00:00] [INFO] wb-service - Данные получены успешно: 81 складов (время: 140ms)
[2026-03-09 21:00:00] [INFO] tariff-service - Успешно сохранено/обновлено 81 тарифов в БД за 2026-03-09
[2026-03-09 21:00:00] [INFO] google-sheets - Запуск обновления 1 таблиц...
[2026-03-09 21:00:02] [INFO] google-sheets - [1gioZyKGYIRjq_bKB63Og0BPsSp6It_IgOs6E7fz7irM] Успешно обновлена
[2026-03-09 21:00:02] [INFO] google-sheets - Все таблицы обработаны.
[2026-03-09 21:00:02] [INFO] scheduler - Update completed successfully
[2026-03-10 00:29:55] [INFO] app - Запуск инициализации приложения...
[2026-03-10 00:29:55] [INFO] app - Выполнение миграций и сидов...
[2026-03-10 00:29:55] [INFO] database - Batch 1 run the following migrations:
[2026-03-10 00:29:55] [INFO] database - - 20250227184908_spreadsheets.js
[2026-03-10 00:29:55] [INFO] database - - 20260308120000_tariffs.js
[2026-03-10 00:29:55] [INFO] database - Successfully run 1 seed files:
[2026-03-10 00:29:55] [INFO] database - - spreadsheets.js
[2026-03-10 00:29:55] [INFO] app - База данных готова к работе
[2026-03-10 00:29:55] [INFO] app - Запуск первичного сбора данных...
[2026-03-10 00:29:55] [INFO] tariff-service - Запрос тарифов из Wildberries API...
[2026-03-10 00:29:55] [INFO] wb-service - Отправка запроса к WB API за дату: 2026-03-10
[2026-03-10 00:29:55] [INFO] wb-service - Данные получены успешно: 81 складов (время: 150ms)
[2026-03-10 00:29:55] [INFO] tariff-service - Успешно сохранено/обновлено 81 тарифов в БД за 2026-03-10
[2026-03-10 00:29:55] [INFO] google-sheets - Запуск обновления 1 таблиц...
[2026-03-10 00:29:57] [INFO] google-sheets - [1gioZyKGYIRjq_bKB63Og0BPsSp6It_IgOs6E7fz7irM] Успешно обновлена
[2026-03-10 00:29:57] [INFO] google-sheets - Все таблицы обработаны.
[2026-03-10 00:29:57] [INFO] app - Первичные данные успешно загружены в БД и Google Sheets
[2026-03-10 00:29:57] [INFO] app - Планировщик запущен. Сервис работает в штатном режиме.
[2026-03-10 00:31:33] [INFO] app - Получен сигнал SIGTERM. Завершение работы...
[2026-03-10 00:31:37] [INFO] app - Запуск инициализации приложения...
[2026-03-10 00:31:37] [INFO] app - Выполнение миграций и сидов...
[2026-03-10 00:31:37] [INFO] database - All migrations are up to date
[2026-03-10 00:31:37] [INFO] database - Successfully run 1 seed files:
[2026-03-10 00:31:37] [INFO] database - - spreadsheets.js
[2026-03-10 00:31:37] [INFO] app - База данных готова к работе
[2026-03-10 00:31:37] [INFO] app - Запуск первичного сбора данных...
[2026-03-10 00:31:37] [INFO] tariff-service - Запрос тарифов из Wildberries API...
[2026-03-10 00:31:37] [INFO] wb-service - Отправка запроса к WB API за дату: 2026-03-10
[2026-03-10 00:31:37] [INFO] wb-service - Данные получены успешно: 81 складов (время: 445ms)
[2026-03-10 00:31:37] [INFO] tariff-service - Успешно сохранено/обновлено 81 тарифов в БД за 2026-03-10
[2026-03-10 00:31:37] [INFO] google-sheets - Запуск обновления 1 таблиц...
[2026-03-10 00:31:39] [INFO] google-sheets - [1gioZyKGYIRjq_bKB63Og0BPsSp6It_IgOs6E7fz7irM] Успешно обновлена
[2026-03-10 00:31:39] [INFO] google-sheets - Все таблицы обработаны.
[2026-03-10 00:31:39] [INFO] app - Первичные данные успешно загружены в БД и Google Sheets
[2026-03-10 00:31:39] [INFO] app - Планировщик запущен. Сервис работает в штатном режиме.
[2026-03-10 00:32:19] [INFO] app - Получен сигнал SIGTERM. Завершение работы...
[2026-03-10 00:32:38] [INFO] app - Запуск инициализации приложения...
[2026-03-10 00:32:38] [INFO] app - Выполнение миграций и сидов...
[2026-03-10 00:32:38] [INFO] database - All migrations are up to date
[2026-03-10 00:32:38] [INFO] database - Successfully run 1 seed files:
[2026-03-10 00:32:38] [INFO] database - - spreadsheets.js
[2026-03-10 00:32:38] [INFO] app - База данных готова к работе
[2026-03-10 00:32:38] [INFO] app - Запуск первичного сбора данных...
[2026-03-10 00:32:38] [INFO] tariff-service - Запрос тарифов из Wildberries API...
[2026-03-10 00:32:38] [INFO] wb-service - Отправка запроса к WB API за дату: 2026-03-10
[2026-03-10 00:32:38] [INFO] wb-service - Данные получены успешно: 81 складов (время: 134ms)
[2026-03-10 00:32:38] [INFO] tariff-service - Успешно сохранено/обновлено 81 тарифов в БД за 2026-03-10
[2026-03-10 00:32:38] [INFO] google-sheets - Запуск обновления 1 таблиц...
[2026-03-10 00:32:40] [INFO] google-sheets - [1gioZyKGYIRjq_bKB63Og0BPsSp6It_IgOs6E7fz7irM] Успешно обновлена
[2026-03-10 00:32:40] [INFO] google-sheets - Все таблицы обработаны.
[2026-03-10 00:32:40] [INFO] app - Первичные данные успешно загружены в БД и Google Sheets
[2026-03-10 00:32:40] [INFO] app - Планировщик запущен. Сервис работает в штатном режиме.
[2026-03-10 00:49:21] [INFO] app - Получен сигнал SIGTERM. Завершение работы...
[2026-03-10 00:49:25] [INFO] app - Запуск инициализации приложения...
[2026-03-10 00:49:25] [INFO] app - Выполнение миграций и сидов...
[2026-03-10 00:49:25] [INFO] database - All migrations are up to date
[2026-03-10 00:49:25] [INFO] database - Successfully run 1 seed files:
[2026-03-10 00:49:25] [INFO] database - - spreadsheets.js
[2026-03-10 00:49:25] [INFO] app - База данных готова к работе
[2026-03-10 00:49:25] [INFO] app - Запуск первичного сбора данных...
[2026-03-10 00:49:25] [INFO] tariff-service - Запрос тарифов из Wildberries API...
[2026-03-10 00:49:25] [INFO] wb-service - Отправка запроса к WB API за дату: 2026-03-10
[2026-03-10 00:49:25] [INFO] wb-service - Данные получены успешно: 81 складов (время: 144ms)
[2026-03-10 00:49:25] [INFO] tariff-service - Успешно сохранено/обновлено 81 тарифов в БД за 2026-03-10
[2026-03-10 00:49:25] [INFO] google-sheets - Запуск обновления 1 таблиц...
[2026-03-10 00:49:28] [INFO] google-sheets - [1gioZyKGYIRjq_bKB63Og0BPsSp6It_IgOs6E7fz7irM] Успешно обновлена
[2026-03-10 00:49:28] [INFO] google-sheets - Все таблицы обработаны.
[2026-03-10 00:49:28] [INFO] app - Первичные данные успешно загружены в БД и Google Sheets
[2026-03-10 00:49:28] [INFO] app - Планировщик запущен. Сервис работает в штатном режиме.
[2026-03-10 00:49:35] [INFO] app - Получен сигнал SIGTERM. Завершение работы...
